<?xml version="1.0" encoding="UTF-8"?>
<!-- Generated by org.testng.reporters.JUnitReportReporter -->
<testsuite hostname="TTNPL-PriyankaMehra" failures="0" tests="1" name="com.jenkinstest.App" time="6.427" errors="0" timestamp="2023-04-11T15:58:25 IST" skipped="0">
  <testcase classname="com.jenkinstest.App" name="startBrowser" time="6.427"/>
  <system-out/>
</testsuite> <!-- com.jenkinstest.App -->
